app/build/intermediates/manifest_merge_blame_file/debug/processDebugMainManifest/manifest-merger-blame-debug-report 2.txt
1<?xml version="1.0" encoding="utf-8"?>
2<manifest xmlns:android="http://schemas.android.com/apk/res/android"
3    package="com.four_zreo.soulrepair"
4    platformBuildVersionCode="21"
5    platformBuildVersionName="5.0-1521886"
6    android:versionCode="7"
7    android:versionName="1.Soul.Repair.10" >
8
9    <uses-sdk
9-->src/main/AndroidManifest.xml:8:5-10:40
10        android:minSdkVersion="14"
10-->src/main/AndroidManifest.xml:9:9-34
11        android:targetSdkVersion="28" />
11-->src/main/AndroidManifest.xml:10:9-38
12
13    <uses-permission android:name="android.permission.WRITE_EXTERNAL_STORAGE" />
13-->src/main/AndroidManifest.xml:11:5-80
13-->src/main/AndroidManifest.xml:11:22-78
14    <uses-permission android:name="android.permission.READ_EXTERNAL_STORAGE" />
14-->src/main/AndroidManifest.xml:12:5-79
14-->src/main/AndroidManifest.xml:12:22-77
15
16    <application
16-->src/main/AndroidManifest.xml:13:5-56:19
17        android:allowBackup="true"
17-->src/main/AndroidManifest.xml:17:9-35
18        android:appComponentFactory="android.support.v4.app.CoreComponentFactory"
18-->[com.android.support:support-compat:28.0.0] AndroidManifest.xml:22:18-91
19        android:debuggable="true"
20        android:extractNativeLibs="true"
21        android:icon="@drawable/ic_launcher"
21-->src/main/AndroidManifest.xml:16:9-45
22        android:label="@string/app_name"
22-->src/main/AndroidManifest.xml:15:9-41
23        android:testOnly="true"
24        android:theme="@style/AppTheme" >
24-->src/main/AndroidManifest.xml:14:9-40
25        <activity
25-->src/main/AndroidManifest.xml:18:9-25:20
26            android:name="com.four_zreo.soulrepair.Splash_Screen"
26-->src/main/AndroidManifest.xml:20:13-66
27            android:label="@string/app_name" >
27-->src/main/AndroidManifest.xml:19:13-45
28            <intent-filter>
28-->src/main/AndroidManifest.xml:21:13-24:29
29                <action android:name="android.intent.action.MAIN" />
29-->src/main/AndroidManifest.xml:22:17-68
29-->src/main/AndroidManifest.xml:22:25-66
30
31                <category android:name="android.intent.category.LAUNCHER" />
31-->src/main/AndroidManifest.xml:23:17-76
31-->src/main/AndroidManifest.xml:23:27-74
32            </intent-filter>
33        </activity>
34        <activity
34-->src/main/AndroidManifest.xml:26:9-29:45
35            android:name="com.four_zreo.soulrepair.Main_Soul_Repair_Activity"
35-->src/main/AndroidManifest.xml:28:13-78
36            android:label="@string/app_name"
36-->src/main/AndroidManifest.xml:27:13-45
37            android:launchMode="singleTop" />
37-->src/main/AndroidManifest.xml:29:13-43
38        <activity
38-->src/main/AndroidManifest.xml:30:9-32:70
39            android:name="com.four_zreo.soulrepair.Colors_Activity"
39-->src/main/AndroidManifest.xml:32:13-68
40            android:label="@string/app_name" />
40-->src/main/AndroidManifest.xml:31:13-45
41        <activity
41-->src/main/AndroidManifest.xml:33:9-35:70
42            android:name="com.four_zreo.soulrepair.Musics_Activity"
42-->src/main/AndroidManifest.xml:35:13-68
43            android:label="@string/app_name" />
43-->src/main/AndroidManifest.xml:34:13-45
44        <activity
44-->src/main/AndroidManifest.xml:36:9-38:57
45            android:name="com.four_zreo.soulrepair.Colors_OpenBlackHybridBlue_Activity"
45-->src/main/AndroidManifest.xml:37:13-88
46            android:theme="@style/AppTheme.FullScreen" />
46-->src/main/AndroidManifest.xml:38:13-55
47        <activity
47-->src/main/AndroidManifest.xml:39:9-41:57
48            android:name="com.four_zreo.soulrepair.Colors_OpenWholeColors_Activity"
48-->src/main/AndroidManifest.xml:40:13-84
49            android:theme="@style/AppTheme.FullScreen" />
49-->src/main/AndroidManifest.xml:41:13-55
50        <activity
50-->src/main/AndroidManifest.xml:42:9-44:57
51            android:name="com.four_zreo.soulrepair.Colors_OpenWhite_Activity"
51-->src/main/AndroidManifest.xml:43:13-78
52            android:theme="@style/AppTheme.FullScreen" />
52-->src/main/AndroidManifest.xml:44:13-55
53        <activity
53-->src/main/AndroidManifest.xml:45:9-47:57
54            android:name="com.four_zreo.soulrepair.Colors_OpenLightBlue_Activity"
54-->src/main/AndroidManifest.xml:46:13-82
55            android:theme="@style/AppTheme.FullScreen" />
55-->src/main/AndroidManifest.xml:47:13-55
56        <activity
56-->src/main/AndroidManifest.xml:48:9-51:76
57            android:name="com.four_zreo.soulrepair.androidhive.musicplayer.AndroidBuildingMusicPlayerActivity"
57-->src/main/AndroidManifest.xml:50:13-111
58            android:configChanges="screenSize|orientation|keyboardHidden"
58-->src/main/AndroidManifest.xml:51:13-74
59            android:label="@string/app_name" />
59-->src/main/AndroidManifest.xml:49:13-45
60        <activity
60-->src/main/AndroidManifest.xml:52:9-54:95
61            android:name="com.four_zreo.soulrepair.androidhive.musicplayer.PlayListActivity"
61-->src/main/AndroidManifest.xml:54:13-93
62            android:label="@string/app_name" />
62-->src/main/AndroidManifest.xml:53:13-45
63        <activity android:name="com.four_zreo.soulrepair.paul.arian.fileselector.FileSelectionActivity" />
63-->src/main/AndroidManifest.xml:55:9-106
63-->src/main/AndroidManifest.xml:55:19-104
64    </application>
65
66</manifest>